Flow report for stat_prj
Tue Nov 18 02:43:45 2014
Quartus II Version 9.1 Build 222 10/21/2009 SJ Full Version


---------------------
; Table of Contents ;
---------------------
  1. Legal Notice
  2. Flow Summary
  3. Flow Settings
  4. Flow Non-Default Global Settings
  5. Flow Elapsed Time
  6. Flow OS Summary
  7. Flow Log



----------------
; Legal Notice ;
----------------
Copyright (C) 1991-2009 Altera Corporation
Your use of Altera Corporation's design tools, logic functions 
and other software and tools, and its AMPP partner logic 
functions, and any output files from any of the foregoing 
(including device programming or simulation files), and any 
associated documentation or information are expressly subject 
to the terms and conditions of the Altera Program License 
Subscription Agreement, Altera MegaCore Function License 
Agreement, or other applicable license agreement, including, 
without limitation, that your use is for the sole purpose of 
programming logic devices manufactured by Altera and sold by 
Altera or its authorized distributors.  Please refer to the 
applicable agreement for further details.



+------------------------------------------------------------------------------+
; Flow Summary                                                                 ;
+-----------------------------------+------------------------------------------+
; Flow Status                       ; Successful - Tue Nov 18 02:43:40 2014    ;
; Quartus II Version                ; 9.1 Build 222 10/21/2009 SJ Full Version ;
; Revision Name                     ; stat_prj                                 ;
; Top-level Entity Name             ; stat_prj                                 ;
; Family                            ; Arria II GX                              ;
; Device                            ; EP2AGX125EF35C6ES                        ;
; Timing Models                     ; Preliminary                              ;
; Met timing requirements           ; N/A                                      ;
; Logic utilization                 ; N/A                                      ;
;     Combinational ALUTs           ; 38,384                                   ;
;     Memory ALUTs                  ; 0                                        ;
;     Dedicated logic registers     ; 16,400                                   ;
; Total registers                   ; 16400                                    ;
; Total pins                        ; 73                                       ;
; Total virtual pins                ; 0                                        ;
; Total block memory bits           ; 0                                        ;
; DSP block 18-bit elements         ; 0                                        ;
; Total GXB Receiver Channel PCS    ; 0                                        ;
; Total GXB Receiver Channel PMA    ; 0                                        ;
; Total GXB Transmitter Channel PCS ; 0                                        ;
; Total GXB Transmitter Channel PMA ; 0                                        ;
; Total PLLs                        ; 0                                        ;
; Total DLLs                        ; 0                                        ;
+-----------------------------------+------------------------------------------+


+-----------------------------------------+
; Flow Settings                           ;
+-------------------+---------------------+
; Option            ; Setting             ;
+-------------------+---------------------+
; Start date & time ; 11/18/2014 02:35:20 ;
; Main task         ; Compilation         ;
; Revision Name     ; stat_prj            ;
+-------------------+---------------------+


+-------------------------------------------------------------------------------------------------------+
; Flow Non-Default Global Settings                                                                      ;
+-----------------------------+------------------------------+---------------+-------------+------------+
; Assignment Name             ; Value                        ; Default Value ; Entity Name ; Section Id ;
+-----------------------------+------------------------------+---------------+-------------+------------+
; COMPILER_SIGNATURE_ID       ; 162458116623.141626732004880 ; --            ; --          ; --         ;
; MAX_CORE_JUNCTION_TEMP      ; 85                           ; --            ; --          ; --         ;
; MIN_CORE_JUNCTION_TEMP      ; 0                            ; --            ; --          ; --         ;
; NOMINAL_CORE_SUPPLY_VOLTAGE ; 0.9V                         ; --            ; --          ; --         ;
; PARTITION_COLOR             ; 16764057                     ; --            ; --          ; Top        ;
; PARTITION_NETLIST_TYPE      ; SOURCE                       ; --            ; --          ; Top        ;
; POWER_HSSI                  ; Opportunistically power off  ; --            ; --          ; --         ;
; SYNTH_MESSAGE_LEVEL         ; High                         ; Medium        ; --          ; --         ;
+-----------------------------+------------------------------+---------------+-------------+------------+


+--------------------------------------------------------------------------------------------------------------------------+
; Flow Elapsed Time                                                                                                        ;
+----------------------+--------------+-------------------------+---------------------+------------------------------------+
; Module Name          ; Elapsed Time ; Average Processors Used ; Peak Virtual Memory ; Total CPU Time (on all processors) ;
+----------------------+--------------+-------------------------+---------------------+------------------------------------+
; Analysis & Synthesis ; 00:08:06     ; 1.0                     ; 393 MB              ; 00:06:44                           ;
; Total                ; 00:08:06     ; --                      ; --                  ; 00:06:44                           ;
+----------------------+--------------+-------------------------+---------------------+------------------------------------+


+---------------------------------------------------------------------------------------+
; Flow OS Summary                                                                       ;
+----------------------+------------------+---------------+------------+----------------+
; Module Name          ; Machine Hostname ; OS Name       ; OS Version ; Processor type ;
+----------------------+------------------+---------------+------------+----------------+
; Analysis & Synthesis ; alexandr-pc      ; Windows Vista ; 6.1        ; x86_64         ;
+----------------------+------------------+---------------+------------+----------------+


------------
; Flow Log ;
------------
quartus_map --read_settings_files=on --write_settings_files=off stat_prj -c stat_prj



